info: ::1 - - [24/Oct/2020:10:12:22 +0000] "GET /api/users HTTP/1.1" - - "-" "PostmanRuntime/7.26.5"

info: ::1 - - [24/Oct/2020:10:16:24 +0000] "GET /api/users HTTP/1.1" 200 2 "-" "PostmanRuntime/7.26.5"

info: ::1 - - [24/Oct/2020:10:16:57 +0000] "GET /api/users HTTP/1.1" 200 2 "-" "PostmanRuntime/7.26.5"

info: ::1 - - [24/Oct/2020:10:17:29 +0000] "GET /api/users HTTP/1.1" 200 2 "-" "PostmanRuntime/7.26.5"

info: ::1 - - [24/Oct/2020:10:18:30 +0000] "GET /api/users HTTP/1.1" 200 2 "-" "PostmanRuntime/7.26.5"

info: ::1 - - [24/Oct/2020:10:20:17 +0000] "GET /api/users HTTP/1.1" 401 22 "-" "PostmanRuntime/7.26.5"

info: ::1 - - [24/Oct/2020:11:17:05 +0000] "POST /api/users HTTP/1.1" 400 38 "-" "PostmanRuntime/7.26.5"

info: ::1 - - [24/Oct/2020:11:18:04 +0000] "POST /api/users HTTP/1.1" 400 38 "-" "PostmanRuntime/7.26.5"

info: ::1 - - [24/Oct/2020:11:19:10 +0000] "POST /api/users HTTP/1.1" 400 38 "-" "PostmanRuntime/7.26.5"

info: ::1 - - [24/Oct/2020:11:19:22 +0000] "POST /api/users HTTP/1.1" 400 38 "-" "PostmanRuntime/7.26.5"

info: ::1 - - [24/Oct/2020:11:19:27 +0000] "POST /api/users HTTP/1.1" 400 38 "-" "PostmanRuntime/7.26.5"

info: ::1 - - [24/Oct/2020:11:19:47 +0000] "POST /api/users HTTP/1.1" 400 38 "-" "PostmanRuntime/7.26.5"

info: ::1 - - [24/Oct/2020:11:22:42 +0000] "POST /api/users? HTTP/1.1" - - "-" "PostmanRuntime/7.26.5"

info: ::1 - - [24/Oct/2020:11:22:51 +0000] "POST /api/users? HTTP/1.1" - - "-" "PostmanRuntime/7.26.5"

info: ::1 - - [24/Oct/2020:11:25:06 +0000] "POST /api/users? HTTP/1.1" - - "-" "PostmanRuntime/7.26.5"

info: ::1 - - [24/Oct/2020:11:26:24 +0000] "POST /api/users? HTTP/1.1" - - "-" "PostmanRuntime/7.26.5"

info: ::1 - - [24/Oct/2020:11:31:15 +0000] "POST /api/users? HTTP/1.1" - - "-" "PostmanRuntime/7.26.5"

info: ::1 - - [24/Oct/2020:11:34:57 +0000] "POST /api/users? HTTP/1.1" 200 314 "-" "PostmanRuntime/7.26.5"

info: ::1 - - [24/Oct/2020:11:35:48 +0000] "POST /api/users? HTTP/1.1" 400 43 "-" "PostmanRuntime/7.26.5"

info: ::1 - - [24/Oct/2020:11:52:55 +0000] "POST /api/auth HTTP/1.1" 400 37 "-" "PostmanRuntime/7.26.5"

info: ::1 - - [24/Oct/2020:11:53:02 +0000] "POST /api/auth HTTP/1.1" 200 306 "-" "PostmanRuntime/7.26.5"

info: ::1 - - [24/Oct/2020:11:54:03 +0000] "GET /api/tickets HTTP/1.1" - - "-" "PostmanRuntime/7.26.5"

info: ::1 - - [24/Oct/2020:11:54:06 +0000] "GET /api/ticket HTTP/1.1" 404 149 "-" "PostmanRuntime/7.26.5"

info: ::1 - - [24/Oct/2020:11:54:11 +0000] "POST /api/ticket HTTP/1.1" 404 150 "-" "PostmanRuntime/7.26.5"

info: ::1 - - [24/Oct/2020:11:54:16 +0000] "POST /api/tickets HTTP/1.1" 400 39 "-" "PostmanRuntime/7.26.5"

info: ::1 - - [24/Oct/2020:11:54:28 +0000] "POST /api/tickets HTTP/1.1" 200 383 "-" "PostmanRuntime/7.26.5"

info: ::1 - - [24/Oct/2020:11:57:49 +0000] "POST /api/projects HTTP/1.1" 400 38 "-" "PostmanRuntime/7.26.5"

info: ::1 - - [24/Oct/2020:11:57:55 +0000] "POST /api/projects HTTP/1.1" 200 208 "-" "PostmanRuntime/7.26.5"

